Now you should run one of the following depending on your shell
source /share/apps/python/miniconda3.9/etc/profile.d/conda.sh
source /share/apps/python/miniconda3.9/etc/profile.d/conda.csh
/tmp/slurmd/job1962049/slurm_script: line 21: os.environ[XLA_PYTHON_CLIENT_PREALLOCATE]=false: command not found
Traceback (most recent call last):
  File "/people/beec613/pnnl_research/code/amandas_code/onet_scripts/train_MF_EWC_script.py", line 18, in <module>
    from utils_fs_v2 import timing,  DataGenerator, DataGenerator_res, DataGenerator_res2
  File "/qfs/people/beec613/pnnl_research/code/amandas_code/onet_scripts/utils_fs_v2.py", line 45, in <module>
    class DataGenerator(data.Dataset):
  File "/qfs/people/beec613/pnnl_research/code/amandas_code/onet_scripts/utils_fs_v2.py", line 47, in DataGenerator
    batch_size=64, rng_key=random.PRNGKey(1234)):
  File "/people/beec613/.local/lib/python3.9/site-packages/jax/_src/random.py", line 155, in PRNGKey
    key = prng.seed_with_impl(impl, seed)
  File "/people/beec613/.local/lib/python3.9/site-packages/jax/_src/prng.py", line 406, in seed_with_impl
    return random_seed(seed, impl=impl)
  File "/people/beec613/.local/lib/python3.9/site-packages/jax/_src/prng.py", line 690, in random_seed
    return random_seed_p.bind(seeds_arr, impl=impl)
  File "/people/beec613/.local/lib/python3.9/site-packages/jax/_src/prng.py", line 702, in random_seed_impl
    base_arr = random_seed_impl_base(seeds, impl=impl)
  File "/people/beec613/.local/lib/python3.9/site-packages/jax/_src/prng.py", line 707, in random_seed_impl_base
    return seed(seeds)
  File "/people/beec613/.local/lib/python3.9/site-packages/jax/_src/prng.py", line 936, in threefry_seed
    return _threefry_seed(seed)
  File "/people/beec613/.local/lib/python3.9/site-packages/jax/_src/traceback_util.py", line 166, in reraise_with_filtered_traceback
    return fun(*args, **kwargs)
  File "/people/beec613/.local/lib/python3.9/site-packages/jax/_src/pjit.py", line 250, in cache_miss
    outs, out_flat, out_tree, args_flat, jaxpr = _python_pjit_helper(
  File "/people/beec613/.local/lib/python3.9/site-packages/jax/_src/pjit.py", line 163, in _python_pjit_helper
    out_flat = pjit_p.bind(*args_flat, **params)
  File "/people/beec613/.local/lib/python3.9/site-packages/jax/_src/core.py", line 2652, in bind
    return self.bind_with_trace(top_trace, args, params)
  File "/people/beec613/.local/lib/python3.9/site-packages/jax/_src/core.py", line 383, in bind_with_trace
    out = trace.process_primitive(self, map(trace.full_raise, args), params)
  File "/people/beec613/.local/lib/python3.9/site-packages/jax/_src/core.py", line 790, in process_primitive
    return primitive.impl(*tracers, **params)
  File "/people/beec613/.local/lib/python3.9/site-packages/jax/_src/pjit.py", line 1193, in _pjit_call_impl
    return xc._xla.pjit(name, f, call_impl_cache_miss, [], [], donated_argnums,
  File "/people/beec613/.local/lib/python3.9/site-packages/jax/_src/pjit.py", line 1177, in call_impl_cache_miss
    out_flat, compiled = _pjit_call_impl_python(
  File "/people/beec613/.local/lib/python3.9/site-packages/jax/_src/pjit.py", line 1110, in _pjit_call_impl_python
    compiled = _pjit_lower(
  File "/people/beec613/.local/lib/python3.9/site-packages/jax/_src/interpreters/pxla.py", line 2329, in compile
    executable = UnloadedMeshExecutable.from_hlo(
  File "/people/beec613/.local/lib/python3.9/site-packages/jax/_src/interpreters/pxla.py", line 2651, in from_hlo
    xla_executable, compile_options = _cached_compilation(
  File "/people/beec613/.local/lib/python3.9/site-packages/jax/_src/interpreters/pxla.py", line 2561, in _cached_compilation
    xla_executable = dispatch.compile_or_get_cached(
  File "/people/beec613/.local/lib/python3.9/site-packages/jax/_src/dispatch.py", line 497, in compile_or_get_cached
    return backend_compile(backend, computation, compile_options,
  File "/people/beec613/.local/lib/python3.9/site-packages/jax/_src/profiler.py", line 314, in wrapper
    return func(*args, **kwargs)
  File "/people/beec613/.local/lib/python3.9/site-packages/jax/_src/dispatch.py", line 465, in backend_compile
    return backend.compile(built_c, compile_options=options)
jax._src.traceback_util.UnfilteredStackTrace: jaxlib.xla_extension.XlaRuntimeError: FAILED_PRECONDITION: DNN library initialization failed. Look at the errors above for more details.

The stack trace below excludes JAX-internal frames.
The preceding is the original exception that occurred, unmodified.

--------------------

The above exception was the direct cause of the following exception:

Traceback (most recent call last):
  File "/people/beec613/pnnl_research/code/amandas_code/onet_scripts/train_MF_EWC_script.py", line 18, in <module>
    from utils_fs_v2 import timing,  DataGenerator, DataGenerator_res, DataGenerator_res2
  File "/qfs/people/beec613/pnnl_research/code/amandas_code/onet_scripts/utils_fs_v2.py", line 45, in <module>
    class DataGenerator(data.Dataset):
  File "/qfs/people/beec613/pnnl_research/code/amandas_code/onet_scripts/utils_fs_v2.py", line 47, in DataGenerator
    batch_size=64, rng_key=random.PRNGKey(1234)):
  File "/people/beec613/.local/lib/python3.9/site-packages/jax/_src/random.py", line 155, in PRNGKey
    key = prng.seed_with_impl(impl, seed)
  File "/people/beec613/.local/lib/python3.9/site-packages/jax/_src/prng.py", line 406, in seed_with_impl
    return random_seed(seed, impl=impl)
  File "/people/beec613/.local/lib/python3.9/site-packages/jax/_src/prng.py", line 690, in random_seed
    return random_seed_p.bind(seeds_arr, impl=impl)
  File "/people/beec613/.local/lib/python3.9/site-packages/jax/_src/core.py", line 380, in bind
    return self.bind_with_trace(find_top_trace(args), args, params)
  File "/people/beec613/.local/lib/python3.9/site-packages/jax/_src/core.py", line 383, in bind_with_trace
    out = trace.process_primitive(self, map(trace.full_raise, args), params)
  File "/people/beec613/.local/lib/python3.9/site-packages/jax/_src/core.py", line 790, in process_primitive
    return primitive.impl(*tracers, **params)
  File "/people/beec613/.local/lib/python3.9/site-packages/jax/_src/prng.py", line 702, in random_seed_impl
    base_arr = random_seed_impl_base(seeds, impl=impl)
  File "/people/beec613/.local/lib/python3.9/site-packages/jax/_src/prng.py", line 707, in random_seed_impl_base
    return seed(seeds)
  File "/people/beec613/.local/lib/python3.9/site-packages/jax/_src/prng.py", line 936, in threefry_seed
    return _threefry_seed(seed)
jaxlib.xla_extension.XlaRuntimeError: FAILED_PRECONDITION: DNN library initialization failed. Look at the errors above for more details.
